# JRE version: Java(TM) SE Runtime Environment (17.0.11+7) (build 17.0.11+7-LTS-207)
# Java VM: Java HotSpot(TM) 64-Bit Server VM (17.0.11+7-LTS-207, mixed mode, sharing, tiered, compressed oops, compressed class ptrs, g1 gc, windows-amd64)
GC Precious Log:
 CPUs: 8 total, 8 available
 Memory: 8075M
 Large Page Support: Disabled
 NUMA Support: Disabled
 Compressed Oops: Enabled (32-bit)
 Heap Region Size: 1M
 Heap Min Capacity: 8M
 Heap Initial Capacity: 128M
 Heap Max Capacity: 2020M
 Pre-touch: Disabled
 Parallel Workers: 8
 Concurrent Workers: 2
 Concurrent Refinement Workers: 8
 Periodic GC: Disabled
Heap:
 garbage-first heap   total 79872K, used 46302K [0x0000000081c00000, 0x0000000100000000)
  region size 1024K, 8 young (8192K), 1 survivors (1024K)
 Metaspace       used 85633K, committed 86528K, reserved 1179648K
  class space    used 11302K, committed 11776K, reserved 1048576K
GC Heap History (20 events):
Event: 47732.038 GC heap before
{Heap before GC invocations=170 (full 0):
 garbage-first heap   total 79872K, used 42523K [0x0000000081c00000, 0x0000000100000000)
  region size 1024K, 3 young (3072K), 1 survivors (1024K)
 Metaspace       used 85628K, committed 86528K, reserved 1179648K
  class space    used 11302K, committed 11776K, reserved 1048576K
}
Event: 47732.041 GC heap after
{Heap after GC invocations=171 (full 0):
 garbage-first heap   total 79872K, used 40062K [0x0000000081c00000, 0x0000000100000000)
  region size 1024K, 1 young (1024K), 1 survivors (1024K)
 Metaspace       used 85628K, committed 86528K, reserved 1179648K
  class space    used 11302K, committed 11776K, reserved 1048576K
}
Event: 48534.046 GC heap before
{Heap before GC invocations=171 (full 0):
 garbage-first heap   total 79872K, used 67710K [0x0000000081c00000, 0x0000000100000000)
  region size 1024K, 28 young (28672K), 1 survivors (1024K)
 Metaspace       used 85628K, committed 86528K, reserved 1179648K
  class space    used 11302K, committed 11776K, reserved 1048576K
}
Event: 48534.052 GC heap after
{Heap after GC invocations=172 (full 0):
 garbage-first heap   total 79872K, used 40622K [0x0000000081c00000, 0x0000000100000000)
  region size 1024K, 1 young (1024K), 1 survivors (1024K)
 Metaspace       used 85628K, committed 86528K, reserved 1179648K
  class space    used 11302K, committed 11776K, reserved 1048576K
}
Event: 49415.246 GC heap before
{Heap before GC invocations=173 (full 0):
 garbage-first heap   total 79872K, used 68270K [0x0000000081c00000, 0x0000000100000000)
  region size 1024K, 28 young (28672K), 1 survivors (1024K)
 Metaspace       used 85628K, committed 86528K, reserved 1179648K
  class space    used 11302K, committed 11776K, reserved 1048576K
}
Event: 49415.252 GC heap after
{Heap after GC invocations=174 (full 0):
 garbage-first heap   total 79872K, used 40623K [0x0000000081c00000, 0x0000000100000000)
  region size 1024K, 1 young (1024K), 1 survivors (1024K)
 Metaspace       used 85628K, committed 86528K, reserved 1179648K
  class space    used 11302K, committed 11776K, reserved 1048576K
}
Event: 49478.753 GC heap before
{Heap before GC invocations=174 (full 0):
 garbage-first heap   total 79872K, used 42671K [0x0000000081c00000, 0x0000000100000000)
  region size 1024K, 3 young (3072K), 1 survivors (1024K)
 Metaspace       used 85628K, committed 86528K, reserved 1179648K
  class space    used 11302K, committed 11776K, reserved 1048576K
}
Event: 49478.756 GC heap after
{Heap after GC invocations=175 (full 0):
 garbage-first heap   total 79872K, used 39623K [0x0000000081c00000, 0x0000000100000000)
  region size 1024K, 1 young (1024K), 1 survivors (1024K)
 Metaspace       used 85628K, committed 86528K, reserved 1179648K
  class space    used 11302K, committed 11776K, reserved 1048576K
}
Event: 50361.617 GC heap before
{Heap before GC invocations=175 (full 0):
 garbage-first heap   total 79872K, used 69319K [0x0000000081c00000, 0x0000000100000000)
  region size 1024K, 30 young (30720K), 1 survivors (1024K)
 Metaspace       used 85628K, committed 86528K, reserved 1179648K
  class space    used 11302K, committed 11776K, reserved 1048576K
}
Event: 50361.625 GC heap after
{Heap after GC invocations=176 (full 0):
 garbage-first heap   total 79872K, used 40175K [0x0000000081c00000, 0x0000000100000000)
  region size 1024K, 1 young (1024K), 1 survivors (1024K)
 Metaspace       used 85628K, committed 86528K, reserved 1179648K
  class space    used 11302K, committed 11776K, reserved 1048576K
}
Event: 51272.275 GC heap before
{Heap before GC invocations=177 (full 0):
 garbage-first heap   total 79872K, used 68847K [0x0000000081c00000, 0x0000000100000000)
  region size 1024K, 29 young (29696K), 1 survivors (1024K)
 Metaspace       used 85628K, committed 86528K, reserved 1179648K
  class space    used 11302K, committed 11776K, reserved 1048576K
}
Event: 51272.281 GC heap after
{Heap after GC invocations=178 (full 0):
 garbage-first heap   total 79872K, used 40181K [0x0000000081c00000, 0x0000000100000000)
  region size 1024K, 1 young (1024K), 1 survivors (1024K)
 Metaspace       used 85628K, committed 86528K, reserved 1179648K
  class space    used 11302K, committed 11776K, reserved 1048576K
}
Event: 51336.279 GC heap before
{Heap before GC invocations=178 (full 0):
 garbage-first heap   total 79872K, used 42229K [0x0000000081c00000, 0x0000000100000000)
  region size 1024K, 3 young (3072K), 1 survivors (1024K)
 Metaspace       used 85628K, committed 86528K, reserved 1179648K
  class space    used 11302K, committed 11776K, reserved 1048576K
}
Event: 51336.281 GC heap after
{Heap after GC invocations=179 (full 0):
 garbage-first heap   total 79872K, used 39811K [0x0000000081c00000, 0x0000000100000000)
  region size 1024K, 1 young (1024K), 1 survivors (1024K)
 Metaspace       used 85628K, committed 86528K, reserved 1179648K
  class space    used 11302K, committed 11776K, reserved 1048576K
}
Event: 52227.707 GC heap before
{Heap before GC invocations=179 (full 0):
 garbage-first heap   total 79872K, used 69507K [0x0000000081c00000, 0x0000000100000000)
  region size 1024K, 30 young (30720K), 1 survivors (1024K)
 Metaspace       used 85628K, committed 86528K, reserved 1179648K
  class space    used 11302K, committed 11776K, reserved 1048576K
}
Event: 52227.712 GC heap after
{Heap after GC invocations=180 (full 0):
 garbage-first heap   total 79872K, used 40374K [0x0000000081c00000, 0x0000000100000000)
  region size 1024K, 1 young (1024K), 1 survivors (1024K)
 Metaspace       used 85628K, committed 86528K, reserved 1179648K
  class space    used 11302K, committed 11776K, reserved 1048576K
}
Event: 53133.812 GC heap before
{Heap before GC invocations=181 (full 0):
 garbage-first heap   total 79872K, used 69046K [0x0000000081c00000, 0x0000000100000000)
  region size 1024K, 29 young (29696K), 1 survivors (1024K)
 Metaspace       used 85628K, committed 86528K, reserved 1179648K
  class space    used 11302K, committed 11776K, reserved 1048576K
}
Event: 53133.818 GC heap after
{Heap after GC invocations=182 (full 0):
 garbage-first heap   total 79872K, used 40388K [0x0000000081c00000, 0x0000000100000000)
  region size 1024K, 1 young (1024K), 1 survivors (1024K)
 Metaspace       used 85628K, committed 86528K, reserved 1179648K
  class space    used 11302K, committed 11776K, reserved 1048576K
}
Event: 53197.452 GC heap before
{Heap before GC invocations=182 (full 0):
 garbage-first heap   total 79872K, used 42436K [0x0000000081c00000, 0x0000000100000000)
  region size 1024K, 3 young (3072K), 1 survivors (1024K)
 Metaspace       used 85628K, committed 86528K, reserved 1179648K
  class space    used 11302K, committed 11776K, reserved 1048576K
}
Event: 53197.458 GC heap after
{Heap after GC invocations=183 (full 0):
 garbage-first heap   total 79872K, used 40158K [0x0000000081c00000, 0x0000000100000000)
  region size 1024K, 1 young (1024K), 1 survivors (1024K)
 Metaspace       used 85628K, committed 86528K, reserved 1179648K
  class space    used 11302K, committed 11776K, reserved 1048576K
}

