# JRE version: Java(TM) SE Runtime Environment (17.0.11+7) (build 17.0.11+7-LTS-207)
# Java VM: Java HotSpot(TM) 64-Bit Server VM (17.0.11+7-LTS-207, mixed mode, sharing, tiered, compressed oops, compressed class ptrs, g1 gc, windows-amd64)
GC Precious Log:
 CPUs: 8 total, 8 available
 Memory: 8075M
 Large Page Support: Disabled
 NUMA Support: Disabled
 Compressed Oops: Enabled (32-bit)
 Heap Region Size: 1M
 Heap Min Capacity: 8M
 Heap Initial Capacity: 128M
 Heap Max Capacity: 2020M
 Pre-touch: Disabled
 Parallel Workers: 8
 Concurrent Workers: 2
 Concurrent Refinement Workers: 8
 Periodic GC: Disabled
Heap:
 garbage-first heap   total 131072K, used 44371K [0x0000000081c00000, 0x0000000100000000)
  region size 1024K, 32 young (32768K), 6 survivors (6144K)
 Metaspace       used 18698K, committed 19008K, reserved 1114112K
  class space    used 2112K, committed 2240K, reserved 1048576K
GC Heap History (8 events):
Event: 0.832 GC heap before
{Heap before GC invocations=0 (full 0):
 garbage-first heap   total 131072K, used 22528K [0x0000000081c00000, 0x0000000100000000)
  region size 1024K, 23 young (23552K), 0 survivors (0K)
 Metaspace       used 5483K, committed 5632K, reserved 1114112K
  class space    used 660K, committed 768K, reserved 1048576K
}
Event: 0.839 GC heap after
{Heap after GC invocations=1 (full 0):
 garbage-first heap   total 131072K, used 3964K [0x0000000081c00000, 0x0000000100000000)
  region size 1024K, 3 young (3072K), 3 survivors (3072K)
 Metaspace       used 5483K, committed 5632K, reserved 1114112K
  class space    used 660K, committed 768K, reserved 1048576K
}
Event: 1.661 GC heap before
{Heap before GC invocations=1 (full 0):
 garbage-first heap   total 131072K, used 34684K [0x0000000081c00000, 0x0000000100000000)
  region size 1024K, 33 young (33792K), 3 survivors (3072K)
 Metaspace       used 10011K, committed 10176K, reserved 1114112K
  class space    used 1220K, committed 1280K, reserved 1048576K
}
Event: 1.668 GC heap after
{Heap after GC invocations=2 (full 0):
 garbage-first heap   total 131072K, used 5730K [0x0000000081c00000, 0x0000000100000000)
  region size 1024K, 2 young (2048K), 2 survivors (2048K)
 Metaspace       used 10011K, committed 10176K, reserved 1114112K
  class space    used 1220K, committed 1280K, reserved 1048576K
}
Event: 3.656 GC heap before
{Heap before GC invocations=2 (full 0):
 garbage-first heap   total 131072K, used 81506K [0x0000000081c00000, 0x0000000100000000)
  region size 1024K, 76 young (77824K), 2 survivors (2048K)
 Metaspace       used 15487K, committed 15680K, reserved 1114112K
  class space    used 1842K, committed 1920K, reserved 1048576K
}
Event: 3.672 GC heap after
{Heap after GC invocations=3 (full 0):
 garbage-first heap   total 131072K, used 13715K [0x0000000081c00000, 0x0000000100000000)
  region size 1024K, 10 young (10240K), 10 survivors (10240K)
 Metaspace       used 15487K, committed 15680K, reserved 1114112K
  class space    used 1842K, committed 1920K, reserved 1048576K
}
Event: 5.304 GC heap before
{Heap before GC invocations=3 (full 0):
 garbage-first heap   total 131072K, used 110995K [0x0000000081c00000, 0x0000000100000000)
  region size 1024K, 74 young (75776K), 10 survivors (10240K)
 Metaspace       used 17715K, committed 17984K, reserved 1114112K
  class space    used 2020K, committed 2112K, reserved 1048576K
}
Event: 5.321 GC heap after
{Heap after GC invocations=4 (full 0):
 garbage-first heap   total 131072K, used 18771K [0x0000000081c00000, 0x0000000100000000)
  region size 1024K, 6 young (6144K), 6 survivors (6144K)
 Metaspace       used 17715K, committed 17984K, reserved 1114112K
  class space    used 2020K, committed 2112K, reserved 1048576K
}

