# JRE version: OpenJDK Runtime Environment Temurin-17.0.10+7 (17.0.10+7) (build 17.0.10+7)
# Java VM: OpenJDK 64-Bit Server VM Temurin-17.0.10+7 (17.0.10+7, mixed mode, emulated-client, tiered, compressed oops, compressed class ptrs, g1 gc, windows-amd64)
GC Precious Log:
 CPUs: 8 total, 8 available
 Memory: 8075M
 Large Page Support: Disabled
 NUMA Support: Disabled
 Compressed Oops: Enabled (32-bit)
 Heap Region Size: 1M
 Heap Min Capacity: 8M
 Heap Initial Capacity: 128M
 Heap Max Capacity: 1G
 Pre-touch: Disabled
 Parallel Workers: 8
 Concurrent Workers: 2
 Concurrent Refinement Workers: 8
 Periodic GC: Disabled
Heap:
 garbage-first heap   total 101376K, used 43526K [0x00000000c0000000, 0x0000000100000000)
  region size 1024K, 1 young (1024K), 0 survivors (0K)
 Metaspace       used 62321K, committed 63040K, reserved 1114112K
  class space    used 7874K, committed 8192K, reserved 1048576K
GC Heap History (20 events):
Event: 223673.713 GC heap before
{Heap before GC invocations=21415 (full 21350):
 garbage-first heap   total 101376K, used 43539K [0x00000000c0000000, 0x0000000100000000)
  region size 1024K, 1 young (1024K), 0 survivors (0K)
 Metaspace       used 62331K, committed 63040K, reserved 1114112K
  class space    used 7876K, committed 8192K, reserved 1048576K
}
Event: 223673.762 GC heap after
{Heap after GC invocations=21416 (full 21351):
 garbage-first heap   total 101376K, used 43526K [0x00000000c0000000, 0x0000000100000000)
  region size 1024K, 0 young (0K), 0 survivors (0K)
 Metaspace       used 62321K, committed 63040K, reserved 1114112K
  class space    used 7874K, committed 8192K, reserved 1048576K
}
Event: 223683.888 GC heap before
{Heap before GC invocations=21416 (full 21351):
 garbage-first heap   total 101376K, used 43526K [0x00000000c0000000, 0x0000000100000000)
  region size 1024K, 1 young (1024K), 0 survivors (0K)
 Metaspace       used 62321K, committed 63040K, reserved 1114112K
  class space    used 7874K, committed 8192K, reserved 1048576K
}
Event: 223683.932 GC heap after
{Heap after GC invocations=21417 (full 21352):
 garbage-first heap   total 101376K, used 43526K [0x00000000c0000000, 0x0000000100000000)
  region size 1024K, 0 young (0K), 0 survivors (0K)
 Metaspace       used 62321K, committed 63040K, reserved 1114112K
  class space    used 7874K, committed 8192K, reserved 1048576K
}
Event: 223694.079 GC heap before
{Heap before GC invocations=21417 (full 21352):
 garbage-first heap   total 101376K, used 43526K [0x00000000c0000000, 0x0000000100000000)
  region size 1024K, 1 young (1024K), 0 survivors (0K)
 Metaspace       used 62321K, committed 63040K, reserved 1114112K
  class space    used 7874K, committed 8192K, reserved 1048576K
}
Event: 223694.123 GC heap after
{Heap after GC invocations=21418 (full 21353):
 garbage-first heap   total 101376K, used 43526K [0x00000000c0000000, 0x0000000100000000)
  region size 1024K, 0 young (0K), 0 survivors (0K)
 Metaspace       used 62321K, committed 63040K, reserved 1114112K
  class space    used 7874K, committed 8192K, reserved 1048576K
}
Event: 223704.258 GC heap before
{Heap before GC invocations=21418 (full 21353):
 garbage-first heap   total 101376K, used 43526K [0x00000000c0000000, 0x0000000100000000)
  region size 1024K, 1 young (1024K), 0 survivors (0K)
 Metaspace       used 62321K, committed 63040K, reserved 1114112K
  class space    used 7874K, committed 8192K, reserved 1048576K
}
Event: 223704.307 GC heap after
{Heap after GC invocations=21419 (full 21354):
 garbage-first heap   total 101376K, used 43526K [0x00000000c0000000, 0x0000000100000000)
  region size 1024K, 0 young (0K), 0 survivors (0K)
 Metaspace       used 62321K, committed 63040K, reserved 1114112K
  class space    used 7874K, committed 8192K, reserved 1048576K
}
Event: 223714.443 GC heap before
{Heap before GC invocations=21419 (full 21354):
 garbage-first heap   total 101376K, used 43526K [0x00000000c0000000, 0x0000000100000000)
  region size 1024K, 1 young (1024K), 0 survivors (0K)
 Metaspace       used 62321K, committed 63040K, reserved 1114112K
  class space    used 7874K, committed 8192K, reserved 1048576K
}
Event: 223714.487 GC heap after
{Heap after GC invocations=21420 (full 21355):
 garbage-first heap   total 101376K, used 43526K [0x00000000c0000000, 0x0000000100000000)
  region size 1024K, 0 young (0K), 0 survivors (0K)
 Metaspace       used 62321K, committed 63040K, reserved 1114112K
  class space    used 7874K, committed 8192K, reserved 1048576K
}
Event: 223724.622 GC heap before
{Heap before GC invocations=21420 (full 21355):
 garbage-first heap   total 101376K, used 43526K [0x00000000c0000000, 0x0000000100000000)
  region size 1024K, 1 young (1024K), 0 survivors (0K)
 Metaspace       used 62321K, committed 63040K, reserved 1114112K
  class space    used 7874K, committed 8192K, reserved 1048576K
}
Event: 223724.666 GC heap after
{Heap after GC invocations=21421 (full 21356):
 garbage-first heap   total 101376K, used 43526K [0x00000000c0000000, 0x0000000100000000)
  region size 1024K, 0 young (0K), 0 survivors (0K)
 Metaspace       used 62321K, committed 63040K, reserved 1114112K
  class space    used 7874K, committed 8192K, reserved 1048576K
}
Event: 223734.808 GC heap before
{Heap before GC invocations=21421 (full 21356):
 garbage-first heap   total 101376K, used 43526K [0x00000000c0000000, 0x0000000100000000)
  region size 1024K, 1 young (1024K), 0 survivors (0K)
 Metaspace       used 62321K, committed 63040K, reserved 1114112K
  class space    used 7874K, committed 8192K, reserved 1048576K
}
Event: 223734.852 GC heap after
{Heap after GC invocations=21422 (full 21357):
 garbage-first heap   total 101376K, used 43526K [0x00000000c0000000, 0x0000000100000000)
  region size 1024K, 0 young (0K), 0 survivors (0K)
 Metaspace       used 62321K, committed 63040K, reserved 1114112K
  class space    used 7874K, committed 8192K, reserved 1048576K
}
Event: 223744.987 GC heap before
{Heap before GC invocations=21422 (full 21357):
 garbage-first heap   total 101376K, used 43526K [0x00000000c0000000, 0x0000000100000000)
  region size 1024K, 1 young (1024K), 0 survivors (0K)
 Metaspace       used 62321K, committed 63040K, reserved 1114112K
  class space    used 7874K, committed 8192K, reserved 1048576K
}
Event: 223745.031 GC heap after
{Heap after GC invocations=21423 (full 21358):
 garbage-first heap   total 101376K, used 43526K [0x00000000c0000000, 0x0000000100000000)
  region size 1024K, 0 young (0K), 0 survivors (0K)
 Metaspace       used 62321K, committed 63040K, reserved 1114112K
  class space    used 7874K, committed 8192K, reserved 1048576K
}
Event: 223755.161 GC heap before
{Heap before GC invocations=21423 (full 21358):
 garbage-first heap   total 101376K, used 43526K [0x00000000c0000000, 0x0000000100000000)
  region size 1024K, 1 young (1024K), 0 survivors (0K)
 Metaspace       used 62321K, committed 63040K, reserved 1114112K
  class space    used 7874K, committed 8192K, reserved 1048576K
}
Event: 223755.205 GC heap after
{Heap after GC invocations=21424 (full 21359):
 garbage-first heap   total 101376K, used 43526K [0x00000000c0000000, 0x0000000100000000)
  region size 1024K, 0 young (0K), 0 survivors (0K)
 Metaspace       used 62321K, committed 63040K, reserved 1114112K
  class space    used 7874K, committed 8192K, reserved 1048576K
}
Event: 223765.343 GC heap before
{Heap before GC invocations=21424 (full 21359):
 garbage-first heap   total 101376K, used 43526K [0x00000000c0000000, 0x0000000100000000)
  region size 1024K, 1 young (1024K), 0 survivors (0K)
 Metaspace       used 62321K, committed 63040K, reserved 1114112K
  class space    used 7874K, committed 8192K, reserved 1048576K
}
Event: 223765.387 GC heap after
{Heap after GC invocations=21425 (full 21360):
 garbage-first heap   total 101376K, used 43526K [0x00000000c0000000, 0x0000000100000000)
  region size 1024K, 0 young (0K), 0 survivors (0K)
 Metaspace       used 62321K, committed 63040K, reserved 1114112K
  class space    used 7874K, committed 8192K, reserved 1048576K
}

