# JRE version: OpenJDK Runtime Environment Temurin-17.0.11+9 (17.0.11+9) (build 17.0.11+9)
# Java VM: OpenJDK 64-Bit Server VM Temurin-17.0.11+9 (17.0.11+9, mixed mode, emulated-client, tiered, compressed oops, compressed class ptrs, g1 gc, windows-amd64)
GC Precious Log:
 CPUs: 8 total, 8 available
 Memory: 8075M
 Large Page Support: Disabled
 NUMA Support: Disabled
 Compressed Oops: Enabled (32-bit)
 Heap Region Size: 1M
 Heap Min Capacity: 8M
 Heap Initial Capacity: 128M
 Heap Max Capacity: 1G
 Pre-touch: Disabled
 Parallel Workers: 8
 Concurrent Workers: 2
 Concurrent Refinement Workers: 8
 Periodic GC: Disabled
Heap:
 garbage-first heap   total 75776K, used 25391K [0x00000000c0000000, 0x0000000100000000)
  region size 1024K, 1 young (1024K), 0 survivors (0K)
 Metaspace       used 41670K, committed 42240K, reserved 1114112K
  class space    used 5342K, committed 5568K, reserved 1048576K
GC Heap History (20 events):
Event: 107964.839 GC heap before
{Heap before GC invocations=10554 (full 10544):
 garbage-first heap   total 75776K, used 25391K [0x00000000c0000000, 0x0000000100000000)
  region size 1024K, 1 young (1024K), 0 survivors (0K)
 Metaspace       used 41670K, committed 42240K, reserved 1114112K
  class space    used 5342K, committed 5568K, reserved 1048576K
}
Event: 107964.871 GC heap after
{Heap after GC invocations=10555 (full 10545):
 garbage-first heap   total 75776K, used 25391K [0x00000000c0000000, 0x0000000100000000)
  region size 1024K, 0 young (0K), 0 survivors (0K)
 Metaspace       used 41670K, committed 42240K, reserved 1114112K
  class space    used 5342K, committed 5568K, reserved 1048576K
}
Event: 107975.100 GC heap before
{Heap before GC invocations=10555 (full 10545):
 garbage-first heap   total 75776K, used 25391K [0x00000000c0000000, 0x0000000100000000)
  region size 1024K, 1 young (1024K), 0 survivors (0K)
 Metaspace       used 41670K, committed 42240K, reserved 1114112K
  class space    used 5342K, committed 5568K, reserved 1048576K
}
Event: 107975.128 GC heap after
{Heap after GC invocations=10556 (full 10546):
 garbage-first heap   total 75776K, used 25391K [0x00000000c0000000, 0x0000000100000000)
  region size 1024K, 0 young (0K), 0 survivors (0K)
 Metaspace       used 41670K, committed 42240K, reserved 1114112K
  class space    used 5342K, committed 5568K, reserved 1048576K
}
Event: 107985.339 GC heap before
{Heap before GC invocations=10556 (full 10546):
 garbage-first heap   total 75776K, used 25391K [0x00000000c0000000, 0x0000000100000000)
  region size 1024K, 1 young (1024K), 0 survivors (0K)
 Metaspace       used 41670K, committed 42240K, reserved 1114112K
  class space    used 5342K, committed 5568K, reserved 1048576K
}
Event: 107985.362 GC heap after
{Heap after GC invocations=10557 (full 10547):
 garbage-first heap   total 75776K, used 25391K [0x00000000c0000000, 0x0000000100000000)
  region size 1024K, 0 young (0K), 0 survivors (0K)
 Metaspace       used 41670K, committed 42240K, reserved 1114112K
  class space    used 5342K, committed 5568K, reserved 1048576K
}
Event: 107995.557 GC heap before
{Heap before GC invocations=10557 (full 10547):
 garbage-first heap   total 75776K, used 25391K [0x00000000c0000000, 0x0000000100000000)
  region size 1024K, 1 young (1024K), 0 survivors (0K)
 Metaspace       used 41670K, committed 42240K, reserved 1114112K
  class space    used 5342K, committed 5568K, reserved 1048576K
}
Event: 107995.584 GC heap after
{Heap after GC invocations=10558 (full 10548):
 garbage-first heap   total 75776K, used 25391K [0x00000000c0000000, 0x0000000100000000)
  region size 1024K, 0 young (0K), 0 survivors (0K)
 Metaspace       used 41670K, committed 42240K, reserved 1114112K
  class space    used 5342K, committed 5568K, reserved 1048576K
}
Event: 108005.782 GC heap before
{Heap before GC invocations=10558 (full 10548):
 garbage-first heap   total 75776K, used 25391K [0x00000000c0000000, 0x0000000100000000)
  region size 1024K, 1 young (1024K), 0 survivors (0K)
 Metaspace       used 41670K, committed 42240K, reserved 1114112K
  class space    used 5342K, committed 5568K, reserved 1048576K
}
Event: 108005.812 GC heap after
{Heap after GC invocations=10559 (full 10549):
 garbage-first heap   total 75776K, used 25391K [0x00000000c0000000, 0x0000000100000000)
  region size 1024K, 0 young (0K), 0 survivors (0K)
 Metaspace       used 41670K, committed 42240K, reserved 1114112K
  class space    used 5342K, committed 5568K, reserved 1048576K
}
Event: 108016.019 GC heap before
{Heap before GC invocations=10559 (full 10549):
 garbage-first heap   total 75776K, used 25391K [0x00000000c0000000, 0x0000000100000000)
  region size 1024K, 1 young (1024K), 0 survivors (0K)
 Metaspace       used 41670K, committed 42240K, reserved 1114112K
  class space    used 5342K, committed 5568K, reserved 1048576K
}
Event: 108016.044 GC heap after
{Heap after GC invocations=10560 (full 10550):
 garbage-first heap   total 75776K, used 25391K [0x00000000c0000000, 0x0000000100000000)
  region size 1024K, 0 young (0K), 0 survivors (0K)
 Metaspace       used 41670K, committed 42240K, reserved 1114112K
  class space    used 5342K, committed 5568K, reserved 1048576K
}
Event: 108026.237 GC heap before
{Heap before GC invocations=10560 (full 10550):
 garbage-first heap   total 75776K, used 25391K [0x00000000c0000000, 0x0000000100000000)
  region size 1024K, 1 young (1024K), 0 survivors (0K)
 Metaspace       used 41670K, committed 42240K, reserved 1114112K
  class space    used 5342K, committed 5568K, reserved 1048576K
}
Event: 108026.267 GC heap after
{Heap after GC invocations=10561 (full 10551):
 garbage-first heap   total 75776K, used 25391K [0x00000000c0000000, 0x0000000100000000)
  region size 1024K, 0 young (0K), 0 survivors (0K)
 Metaspace       used 41670K, committed 42240K, reserved 1114112K
  class space    used 5342K, committed 5568K, reserved 1048576K
}
Event: 108036.491 GC heap before
{Heap before GC invocations=10561 (full 10551):
 garbage-first heap   total 75776K, used 25391K [0x00000000c0000000, 0x0000000100000000)
  region size 1024K, 1 young (1024K), 0 survivors (0K)
 Metaspace       used 41670K, committed 42240K, reserved 1114112K
  class space    used 5342K, committed 5568K, reserved 1048576K
}
Event: 108036.521 GC heap after
{Heap after GC invocations=10562 (full 10552):
 garbage-first heap   total 75776K, used 25391K [0x00000000c0000000, 0x0000000100000000)
  region size 1024K, 0 young (0K), 0 survivors (0K)
 Metaspace       used 41670K, committed 42240K, reserved 1114112K
  class space    used 5342K, committed 5568K, reserved 1048576K
}
Event: 108046.710 GC heap before
{Heap before GC invocations=10562 (full 10552):
 garbage-first heap   total 75776K, used 25391K [0x00000000c0000000, 0x0000000100000000)
  region size 1024K, 1 young (1024K), 0 survivors (0K)
 Metaspace       used 41670K, committed 42240K, reserved 1114112K
  class space    used 5342K, committed 5568K, reserved 1048576K
}
Event: 108046.739 GC heap after
{Heap after GC invocations=10563 (full 10553):
 garbage-first heap   total 75776K, used 25391K [0x00000000c0000000, 0x0000000100000000)
  region size 1024K, 0 young (0K), 0 survivors (0K)
 Metaspace       used 41670K, committed 42240K, reserved 1114112K
  class space    used 5342K, committed 5568K, reserved 1048576K
}
Event: 108056.944 GC heap before
{Heap before GC invocations=10563 (full 10553):
 garbage-first heap   total 75776K, used 25391K [0x00000000c0000000, 0x0000000100000000)
  region size 1024K, 1 young (1024K), 0 survivors (0K)
 Metaspace       used 41670K, committed 42240K, reserved 1114112K
  class space    used 5342K, committed 5568K, reserved 1048576K
}
Event: 108056.973 GC heap after
{Heap after GC invocations=10564 (full 10554):
 garbage-first heap   total 75776K, used 25391K [0x00000000c0000000, 0x0000000100000000)
  region size 1024K, 0 young (0K), 0 survivors (0K)
 Metaspace       used 41670K, committed 42240K, reserved 1114112K
  class space    used 5342K, committed 5568K, reserved 1048576K
}

