# JRE version: OpenJDK Runtime Environment Temurin-17.0.11+9 (17.0.11+9) (build 17.0.11+9)
# Java VM: OpenJDK 64-Bit Server VM Temurin-17.0.11+9 (17.0.11+9, mixed mode, emulated-client, tiered, compressed oops, compressed class ptrs, g1 gc, windows-amd64)
GC Precious Log:
 CPUs: 8 total, 8 available
 Memory: 8075M
 Large Page Support: Disabled
 NUMA Support: Disabled
 Compressed Oops: Enabled (32-bit)
 Heap Region Size: 1M
 Heap Min Capacity: 8M
 Heap Initial Capacity: 128M
 Heap Max Capacity: 1G
 Pre-touch: Disabled
 Parallel Workers: 8
 Concurrent Workers: 2
 Concurrent Refinement Workers: 8
 Periodic GC: Disabled
Heap:
 garbage-first heap   total 75776K, used 25413K [0x00000000c0000000, 0x0000000100000000)
  region size 1024K, 1 young (1024K), 0 survivors (0K)
 Metaspace       used 41658K, committed 42240K, reserved 1114112K
  class space    used 5343K, committed 5568K, reserved 1048576K
GC Heap History (20 events):
Event: 9245.692 GC heap before
{Heap before GC invocations=911 (full 900):
 garbage-first heap   total 75776K, used 25413K [0x00000000c0000000, 0x0000000100000000)
  region size 1024K, 1 young (1024K), 0 survivors (0K)
 Metaspace       used 41658K, committed 42240K, reserved 1114112K
  class space    used 5343K, committed 5568K, reserved 1048576K
}
Event: 9245.720 GC heap after
{Heap after GC invocations=912 (full 901):
 garbage-first heap   total 75776K, used 25413K [0x00000000c0000000, 0x0000000100000000)
  region size 1024K, 0 young (0K), 0 survivors (0K)
 Metaspace       used 41658K, committed 42240K, reserved 1114112K
  class space    used 5343K, committed 5568K, reserved 1048576K
}
Event: 9256.046 GC heap before
{Heap before GC invocations=912 (full 901):
 garbage-first heap   total 75776K, used 25413K [0x00000000c0000000, 0x0000000100000000)
  region size 1024K, 1 young (1024K), 0 survivors (0K)
 Metaspace       used 41658K, committed 42240K, reserved 1114112K
  class space    used 5343K, committed 5568K, reserved 1048576K
}
Event: 9256.077 GC heap after
{Heap after GC invocations=913 (full 902):
 garbage-first heap   total 75776K, used 25413K [0x00000000c0000000, 0x0000000100000000)
  region size 1024K, 0 young (0K), 0 survivors (0K)
 Metaspace       used 41658K, committed 42240K, reserved 1114112K
  class space    used 5343K, committed 5568K, reserved 1048576K
}
Event: 9266.873 GC heap before
{Heap before GC invocations=913 (full 902):
 garbage-first heap   total 75776K, used 25413K [0x00000000c0000000, 0x0000000100000000)
  region size 1024K, 1 young (1024K), 0 survivors (0K)
 Metaspace       used 41658K, committed 42240K, reserved 1114112K
  class space    used 5343K, committed 5568K, reserved 1048576K
}
Event: 9266.903 GC heap after
{Heap after GC invocations=914 (full 903):
 garbage-first heap   total 75776K, used 25413K [0x00000000c0000000, 0x0000000100000000)
  region size 1024K, 0 young (0K), 0 survivors (0K)
 Metaspace       used 41658K, committed 42240K, reserved 1114112K
  class space    used 5343K, committed 5568K, reserved 1048576K
}
Event: 9277.291 GC heap before
{Heap before GC invocations=914 (full 903):
 garbage-first heap   total 75776K, used 25413K [0x00000000c0000000, 0x0000000100000000)
  region size 1024K, 1 young (1024K), 0 survivors (0K)
 Metaspace       used 41658K, committed 42240K, reserved 1114112K
  class space    used 5343K, committed 5568K, reserved 1048576K
}
Event: 9277.322 GC heap after
{Heap after GC invocations=915 (full 904):
 garbage-first heap   total 75776K, used 25413K [0x00000000c0000000, 0x0000000100000000)
  region size 1024K, 0 young (0K), 0 survivors (0K)
 Metaspace       used 41658K, committed 42240K, reserved 1114112K
  class space    used 5343K, committed 5568K, reserved 1048576K
}
Event: 9287.629 GC heap before
{Heap before GC invocations=915 (full 904):
 garbage-first heap   total 75776K, used 25413K [0x00000000c0000000, 0x0000000100000000)
  region size 1024K, 1 young (1024K), 0 survivors (0K)
 Metaspace       used 41658K, committed 42240K, reserved 1114112K
  class space    used 5343K, committed 5568K, reserved 1048576K
}
Event: 9287.658 GC heap after
{Heap after GC invocations=916 (full 905):
 garbage-first heap   total 75776K, used 25413K [0x00000000c0000000, 0x0000000100000000)
  region size 1024K, 0 young (0K), 0 survivors (0K)
 Metaspace       used 41658K, committed 42240K, reserved 1114112K
  class space    used 5343K, committed 5568K, reserved 1048576K
}
Event: 9297.871 GC heap before
{Heap before GC invocations=916 (full 905):
 garbage-first heap   total 75776K, used 25413K [0x00000000c0000000, 0x0000000100000000)
  region size 1024K, 1 young (1024K), 0 survivors (0K)
 Metaspace       used 41658K, committed 42240K, reserved 1114112K
  class space    used 5343K, committed 5568K, reserved 1048576K
}
Event: 9297.898 GC heap after
{Heap after GC invocations=917 (full 906):
 garbage-first heap   total 75776K, used 25413K [0x00000000c0000000, 0x0000000100000000)
  region size 1024K, 0 young (0K), 0 survivors (0K)
 Metaspace       used 41658K, committed 42240K, reserved 1114112K
  class space    used 5343K, committed 5568K, reserved 1048576K
}
Event: 9308.161 GC heap before
{Heap before GC invocations=917 (full 906):
 garbage-first heap   total 75776K, used 25413K [0x00000000c0000000, 0x0000000100000000)
  region size 1024K, 1 young (1024K), 0 survivors (0K)
 Metaspace       used 41658K, committed 42240K, reserved 1114112K
  class space    used 5343K, committed 5568K, reserved 1048576K
}
Event: 9308.188 GC heap after
{Heap after GC invocations=918 (full 907):
 garbage-first heap   total 75776K, used 25413K [0x00000000c0000000, 0x0000000100000000)
  region size 1024K, 0 young (0K), 0 survivors (0K)
 Metaspace       used 41658K, committed 42240K, reserved 1114112K
  class space    used 5343K, committed 5568K, reserved 1048576K
}
Event: 9318.506 GC heap before
{Heap before GC invocations=918 (full 907):
 garbage-first heap   total 75776K, used 25413K [0x00000000c0000000, 0x0000000100000000)
  region size 1024K, 1 young (1024K), 0 survivors (0K)
 Metaspace       used 41658K, committed 42240K, reserved 1114112K
  class space    used 5343K, committed 5568K, reserved 1048576K
}
Event: 9318.535 GC heap after
{Heap after GC invocations=919 (full 908):
 garbage-first heap   total 75776K, used 25413K [0x00000000c0000000, 0x0000000100000000)
  region size 1024K, 0 young (0K), 0 survivors (0K)
 Metaspace       used 41658K, committed 42240K, reserved 1114112K
  class space    used 5343K, committed 5568K, reserved 1048576K
}
Event: 9328.913 GC heap before
{Heap before GC invocations=919 (full 908):
 garbage-first heap   total 75776K, used 25413K [0x00000000c0000000, 0x0000000100000000)
  region size 1024K, 1 young (1024K), 0 survivors (0K)
 Metaspace       used 41658K, committed 42240K, reserved 1114112K
  class space    used 5343K, committed 5568K, reserved 1048576K
}
Event: 9328.939 GC heap after
{Heap after GC invocations=920 (full 909):
 garbage-first heap   total 75776K, used 25413K [0x00000000c0000000, 0x0000000100000000)
  region size 1024K, 0 young (0K), 0 survivors (0K)
 Metaspace       used 41658K, committed 42240K, reserved 1114112K
  class space    used 5343K, committed 5568K, reserved 1048576K
}
Event: 9339.380 GC heap before
{Heap before GC invocations=920 (full 909):
 garbage-first heap   total 75776K, used 25413K [0x00000000c0000000, 0x0000000100000000)
  region size 1024K, 1 young (1024K), 0 survivors (0K)
 Metaspace       used 41658K, committed 42240K, reserved 1114112K
  class space    used 5343K, committed 5568K, reserved 1048576K
}
Event: 9339.416 GC heap after
{Heap after GC invocations=921 (full 910):
 garbage-first heap   total 75776K, used 25413K [0x00000000c0000000, 0x0000000100000000)
  region size 1024K, 0 young (0K), 0 survivors (0K)
 Metaspace       used 41658K, committed 42240K, reserved 1114112K
  class space    used 5343K, committed 5568K, reserved 1048576K
}

