# JRE version: OpenJDK Runtime Environment Temurin-17.0.11+9 (17.0.11+9) (build 17.0.11+9)
# Java VM: OpenJDK 64-Bit Server VM Temurin-17.0.11+9 (17.0.11+9, mixed mode, emulated-client, tiered, compressed oops, compressed class ptrs, g1 gc, windows-amd64)
GC Precious Log:
 CPUs: 8 total, 8 available
 Memory: 8075M
 Large Page Support: Disabled
 NUMA Support: Disabled
 Compressed Oops: Enabled (32-bit)
 Heap Region Size: 1M
 Heap Min Capacity: 8M
 Heap Initial Capacity: 128M
 Heap Max Capacity: 1G
 Pre-touch: Disabled
 Parallel Workers: 8
 Concurrent Workers: 2
 Concurrent Refinement Workers: 8
 Periodic GC: Disabled
Heap:
 garbage-first heap   total 75776K, used 25371K [0x00000000c0000000, 0x0000000100000000)
  region size 1024K, 1 young (1024K), 0 survivors (0K)
 Metaspace       used 41660K, committed 42240K, reserved 1114112K
  class space    used 5345K, committed 5568K, reserved 1048576K
GC Heap History (20 events):
Event: 138.281 GC heap before
{Heap before GC invocations=18 (full 9):
 garbage-first heap   total 75776K, used 25371K [0x00000000c0000000, 0x0000000100000000)
  region size 1024K, 1 young (1024K), 0 survivors (0K)
 Metaspace       used 41660K, committed 42240K, reserved 1114112K
  class space    used 5345K, committed 5568K, reserved 1048576K
}
Event: 138.307 GC heap after
{Heap after GC invocations=19 (full 10):
 garbage-first heap   total 75776K, used 25371K [0x00000000c0000000, 0x0000000100000000)
  region size 1024K, 0 young (0K), 0 survivors (0K)
 Metaspace       used 41660K, committed 42240K, reserved 1114112K
  class space    used 5345K, committed 5568K, reserved 1048576K
}
Event: 148.519 GC heap before
{Heap before GC invocations=19 (full 10):
 garbage-first heap   total 75776K, used 25371K [0x00000000c0000000, 0x0000000100000000)
  region size 1024K, 1 young (1024K), 0 survivors (0K)
 Metaspace       used 41660K, committed 42240K, reserved 1114112K
  class space    used 5345K, committed 5568K, reserved 1048576K
}
Event: 148.546 GC heap after
{Heap after GC invocations=20 (full 11):
 garbage-first heap   total 75776K, used 25371K [0x00000000c0000000, 0x0000000100000000)
  region size 1024K, 0 young (0K), 0 survivors (0K)
 Metaspace       used 41660K, committed 42240K, reserved 1114112K
  class space    used 5345K, committed 5568K, reserved 1048576K
}
Event: 158.775 GC heap before
{Heap before GC invocations=20 (full 11):
 garbage-first heap   total 75776K, used 25371K [0x00000000c0000000, 0x0000000100000000)
  region size 1024K, 1 young (1024K), 0 survivors (0K)
 Metaspace       used 41660K, committed 42240K, reserved 1114112K
  class space    used 5345K, committed 5568K, reserved 1048576K
}
Event: 158.806 GC heap after
{Heap after GC invocations=21 (full 12):
 garbage-first heap   total 75776K, used 25371K [0x00000000c0000000, 0x0000000100000000)
  region size 1024K, 0 young (0K), 0 survivors (0K)
 Metaspace       used 41660K, committed 42240K, reserved 1114112K
  class space    used 5345K, committed 5568K, reserved 1048576K
}
Event: 168.993 GC heap before
{Heap before GC invocations=21 (full 12):
 garbage-first heap   total 75776K, used 25371K [0x00000000c0000000, 0x0000000100000000)
  region size 1024K, 1 young (1024K), 0 survivors (0K)
 Metaspace       used 41660K, committed 42240K, reserved 1114112K
  class space    used 5345K, committed 5568K, reserved 1048576K
}
Event: 169.016 GC heap after
{Heap after GC invocations=22 (full 13):
 garbage-first heap   total 75776K, used 25371K [0x00000000c0000000, 0x0000000100000000)
  region size 1024K, 0 young (0K), 0 survivors (0K)
 Metaspace       used 41660K, committed 42240K, reserved 1114112K
  class space    used 5345K, committed 5568K, reserved 1048576K
}
Event: 179.208 GC heap before
{Heap before GC invocations=22 (full 13):
 garbage-first heap   total 75776K, used 25371K [0x00000000c0000000, 0x0000000100000000)
  region size 1024K, 1 young (1024K), 0 survivors (0K)
 Metaspace       used 41660K, committed 42240K, reserved 1114112K
  class space    used 5345K, committed 5568K, reserved 1048576K
}
Event: 179.233 GC heap after
{Heap after GC invocations=23 (full 14):
 garbage-first heap   total 75776K, used 25371K [0x00000000c0000000, 0x0000000100000000)
  region size 1024K, 0 young (0K), 0 survivors (0K)
 Metaspace       used 41660K, committed 42240K, reserved 1114112K
  class space    used 5345K, committed 5568K, reserved 1048576K
}
Event: 189.438 GC heap before
{Heap before GC invocations=23 (full 14):
 garbage-first heap   total 75776K, used 25371K [0x00000000c0000000, 0x0000000100000000)
  region size 1024K, 1 young (1024K), 0 survivors (0K)
 Metaspace       used 41660K, committed 42240K, reserved 1114112K
  class space    used 5345K, committed 5568K, reserved 1048576K
}
Event: 189.464 GC heap after
{Heap after GC invocations=24 (full 15):
 garbage-first heap   total 75776K, used 25371K [0x00000000c0000000, 0x0000000100000000)
  region size 1024K, 0 young (0K), 0 survivors (0K)
 Metaspace       used 41660K, committed 42240K, reserved 1114112K
  class space    used 5345K, committed 5568K, reserved 1048576K
}
Event: 199.657 GC heap before
{Heap before GC invocations=24 (full 15):
 garbage-first heap   total 75776K, used 25371K [0x00000000c0000000, 0x0000000100000000)
  region size 1024K, 1 young (1024K), 0 survivors (0K)
 Metaspace       used 41660K, committed 42240K, reserved 1114112K
  class space    used 5345K, committed 5568K, reserved 1048576K
}
Event: 199.684 GC heap after
{Heap after GC invocations=25 (full 16):
 garbage-first heap   total 75776K, used 25371K [0x00000000c0000000, 0x0000000100000000)
  region size 1024K, 0 young (0K), 0 survivors (0K)
 Metaspace       used 41660K, committed 42240K, reserved 1114112K
  class space    used 5345K, committed 5568K, reserved 1048576K
}
Event: 209.885 GC heap before
{Heap before GC invocations=25 (full 16):
 garbage-first heap   total 75776K, used 25371K [0x00000000c0000000, 0x0000000100000000)
  region size 1024K, 1 young (1024K), 0 survivors (0K)
 Metaspace       used 41660K, committed 42240K, reserved 1114112K
  class space    used 5345K, committed 5568K, reserved 1048576K
}
Event: 209.911 GC heap after
{Heap after GC invocations=26 (full 17):
 garbage-first heap   total 75776K, used 25371K [0x00000000c0000000, 0x0000000100000000)
  region size 1024K, 0 young (0K), 0 survivors (0K)
 Metaspace       used 41660K, committed 42240K, reserved 1114112K
  class space    used 5345K, committed 5568K, reserved 1048576K
}
Event: 220.125 GC heap before
{Heap before GC invocations=26 (full 17):
 garbage-first heap   total 75776K, used 25371K [0x00000000c0000000, 0x0000000100000000)
  region size 1024K, 1 young (1024K), 0 survivors (0K)
 Metaspace       used 41660K, committed 42240K, reserved 1114112K
  class space    used 5345K, committed 5568K, reserved 1048576K
}
Event: 220.153 GC heap after
{Heap after GC invocations=27 (full 18):
 garbage-first heap   total 75776K, used 25371K [0x00000000c0000000, 0x0000000100000000)
  region size 1024K, 0 young (0K), 0 survivors (0K)
 Metaspace       used 41660K, committed 42240K, reserved 1114112K
  class space    used 5345K, committed 5568K, reserved 1048576K
}
Event: 230.349 GC heap before
{Heap before GC invocations=27 (full 18):
 garbage-first heap   total 75776K, used 25371K [0x00000000c0000000, 0x0000000100000000)
  region size 1024K, 1 young (1024K), 0 survivors (0K)
 Metaspace       used 41660K, committed 42240K, reserved 1114112K
  class space    used 5345K, committed 5568K, reserved 1048576K
}
Event: 230.377 GC heap after
{Heap after GC invocations=28 (full 19):
 garbage-first heap   total 75776K, used 25371K [0x00000000c0000000, 0x0000000100000000)
  region size 1024K, 0 young (0K), 0 survivors (0K)
 Metaspace       used 41660K, committed 42240K, reserved 1114112K
  class space    used 5345K, committed 5568K, reserved 1048576K
}

